#
# There is insufficient memory for the Java Runtime Environment to continue.
# Native memory allocation (mmap) failed to map 175112192 bytes for committing reserved memory.
# Possible reasons:
#   The system is out of physical RAM or swap space
#   In 32 bit mode, the process size limit was hit
# Possible solutions:
#   Reduce memory load on the system
#   Increase physical memory or swap space
#   Check if swap backing store is full
#   Use 64 bit Java on a 64 bit OS
#   Decrease Java heap size (-Xmx/-Xms)
#   Decrease number of Java threads
#   Decrease Java thread stack sizes (-Xss)
#   Set larger code cache with -XX:ReservedCodeCacheSize=
# This output file may be truncated or incomplete.
#
#  Out of Memory Error (os_linux.cpp:2627), pid=18879, tid=140129517672192
#
# JRE version: Java(TM) SE Runtime Environment (8.0_91-b14) (build 1.8.0_91-b14)
# Java VM: Java HotSpot(TM) 64-Bit Server VM (25.91-b14 mixed mode linux-amd64 compressed oops)
# Failed to write core dump. Core dumps have been disabled. To enable core dumping, try "ulimit -c unlimited" before starting Java again
#

---------------  T H R E A D  ---------------

Current thread (0x00007f7284073800):  VMThread [stack: 0x00007f72720f9000,0x00007f72721fa000] [id=18891]

Stack: [0x00007f72720f9000,0x00007f72721fa000],  sp=0x00007f72721f8060,  free space=1020k
Native frames: (J=compiled Java code, j=interpreted, Vv=VM code, C=native code)
V  [libjvm.so+0xabc18a]  VMError::report_and_die()+0x2ba
V  [libjvm.so+0x4fafeb]  report_vm_out_of_memory(char const*, int, unsigned long, VMErrorType, char const*)+0x8b
V  [libjvm.so+0x91cbb3]  os::Linux::commit_memory_impl(char*, unsigned long, bool)+0x103
V  [libjvm.so+0x91d109]  os::pd_commit_memory(char*, unsigned long, unsigned long, bool)+0x29
V  [libjvm.so+0x91740a]  os::commit_memory(char*, unsigned long, unsigned long, bool)+0x2a
V  [libjvm.so+0x98b033]  PSVirtualSpace::expand_by(unsigned long)+0x53
V  [libjvm.so+0x98c438]  PSYoungGen::resize_generation(unsigned long, unsigned long)+0xf8
V  [libjvm.so+0x98b592]  PSYoungGen::resize(unsigned long, unsigned long)+0x22
V  [libjvm.so+0x98886b]  PSScavenge::invoke_no_policy()+0xf3b
V  [libjvm.so+0x988ff1]  PSScavenge::invoke()+0x41
V  [libjvm.so+0x9408b0]  ParallelScavengeHeap::failed_mem_allocate(unsigned long)+0x70
V  [libjvm.so+0xabdba7]  VM_ParallelGCFailedAllocation::doit()+0x97
V  [libjvm.so+0xac55d5]  VM_Operation::evaluate()+0x55
V  [libjvm.so+0xac39aa]  VMThread::evaluate_operation(VM_Operation*)+0xba
V  [libjvm.so+0xac3d2e]  VMThread::loop()+0x1ce
V  [libjvm.so+0xac41a0]  VMThread::run()+0x70
V  [libjvm.so+0x91ef78]  java_start(Thread*)+0x108

VM_Operation (0x00007f72713baa40): ParallelGCFailedAllocation, mode: safepoint, requested by thread 0x00007f728414d800


---------------  P R O C E S S  ---------------

Java Threads: ( => current thread )
  0x00007f7284150800 JavaThread "pool-2-thread-4" [_thread_blocked, id=18916, stack(0x00007f72710ba000,0x00007f72711bb000)]
  0x00007f728414f000 JavaThread "pool-2-thread-3" [_thread_blocked, id=18915, stack(0x00007f72711bb000,0x00007f72712bc000)]
  0x00007f728414d800 JavaThread "pool-2-thread-2" [_thread_blocked, id=18914, stack(0x00007f72712bc000,0x00007f72713bd000)]
  0x00007f728414b000 JavaThread "pool-3-thread-1" [_thread_blocked, id=18913, stack(0x00007f72713bd000,0x00007f72714be000)]
  0x00007f7284149000 JavaThread "pool-2-thread-1" [_thread_blocked, id=18912, stack(0x00007f72714be000,0x00007f72715bf000)]
  0x00007f72840ba000 JavaThread "Service Thread" daemon [_thread_blocked, id=18904, stack(0x00007f72716c0000,0x00007f72717c1000)]
  0x00007f72840b7800 JavaThread "C1 CompilerThread1" daemon [_thread_blocked, id=18902, stack(0x00007f72717c1000,0x00007f72718c2000)]
  0x00007f72840b4800 JavaThread "C2 CompilerThread0" daemon [_thread_blocked, id=18901, stack(0x00007f72718c2000,0x00007f72719c3000)]
  0x00007f72840b3000 JavaThread "Signal Dispatcher" daemon [_thread_blocked, id=18898, stack(0x00007f72719c3000,0x00007f7271ac4000)]
  0x00007f7284080000 JavaThread "Finalizer" daemon [_thread_blocked, id=18895, stack(0x00007f7271ef7000,0x00007f7271ff8000)]
  0x00007f728407b800 JavaThread "Reference Handler" daemon [_thread_blocked, id=18894, stack(0x00007f7271ff8000,0x00007f72720f9000)]
  0x00007f728400a000 JavaThread "main" [_thread_blocked, id=18883, stack(0x00007f728bfbd000,0x00007f728c0be000)]

Other Threads:
=>0x00007f7284073800 VMThread [stack: 0x00007f72720f9000,0x00007f72721fa000] [id=18891]
  0x00007f72840bd000 WatcherThread [stack: 0x00007f72715bf000,0x00007f72716c0000] [id=18906]

VM state:at safepoint (normal execution)

VM Mutex/Monitor currently owned by a thread:  ([mutex/lock_event])
[0x00007f7284006550] Threads_lock - owner thread: 0x00007f7284073800
[0x00007f7284006a50] Heap_lock - owner thread: 0x00007f728414d800

Heap:
 PSYoungGen      total 132096K, used 5119K [0x00000000eab00000, 0x00000000f3100000, 0x0000000100000000)
  eden space 126976K, 0% used [0x00000000eab00000,0x00000000eab00000,0x00000000f2700000)
  from space 5120K, 99% used [0x00000000f2700000,0x00000000f2bffe70,0x00000000f2c00000)
  to   space 5120K, 0% used [0x00000000f2c00000,0x00000000f2c00000,0x00000000f3100000)
 ParOldGen       total 84992K, used 41133K [0x00000000c0000000, 0x00000000c5300000, 0x00000000eab00000)
  object space 84992K, 48% used [0x00000000c0000000,0x00000000c282b758,0x00000000c5300000)
 Metaspace       used 6206K, capacity 7128K, committed 7424K, reserved 1056768K
  class space    used 614K, capacity 656K, committed 768K, reserved 1048576K

Card table byte_map: [0x00007f7288b81000,0x00007f7288d82000] byte_map_base: 0x00007f7288581000

Marking Bits: (ParMarkBitMap*) 0x00007f728b497d60
 Begin Bits: [0x00007f7273000000, 0x00007f7274000000)
 End Bits:   [0x00007f7274000000, 0x00007f7275000000)

Polling page: 0x00007f728c0e0000

CodeCache: size=245760Kb used=6503Kb max_used=6503Kb free=239256Kb
 bounds [0x00007f7275000000, 0x00007f7275660000, 0x00007f7284000000]
 total_blobs=1895 nmethods=1626 adapters=182
 compilation: enabled

Compilation events (10 events):
Event: 8,525 Thread 0x00007f72840b7800 nmethod 2011 0x00007f7275655810 code [0x00007f7275655980, 0x00007f7275655b08]
Event: 8,525 Thread 0x00007f72840b7800 1878       1       com.android.dx.dex.file.DexFile::getFieldIds (5 bytes)
Event: 8,525 Thread 0x00007f72840b7800 nmethod 1878 0x00007f7275655bd0 code [0x00007f7275655d20, 0x00007f7275655e30]
Event: 8,525 Thread 0x00007f72840b7800 1952       2       java.util.concurrent.locks.ReentrantLock$Sync::tryRelease (45 bytes)
Event: 8,525 Thread 0x00007f72840b7800 nmethod 1952 0x00007f7275655e90 code [0x00007f7275656000, 0x00007f7275656248]
Event: 8,525 Thread 0x00007f72840b7800 2055       2       com.android.dx.rop.code.Rops::pickIf (154 bytes)
Event: 8,552 Thread 0x00007f72840b7800 nmethod 2055 0x00007f7275656310 code [0x00007f7275656520, 0x00007f7275656b58]
Event: 8,552 Thread 0x00007f72840b7800 2065       2       com.android.dx.dex.code.OutputCollector::appendSuffixToOutput (45 bytes)
Event: 8,939 Thread 0x00007f72840b7800 nmethod 2065 0x00007f7275658590 code [0x00007f7275658740, 0x00007f7275658bd8]
Event: 8,959 Thread 0x00007f72840b7800 2075 %     3       com.android.dx.ssa.back.FirstFitLocalCombiningAllocator::handleLocalAssociatedOther @ 42 (151 bytes)

GC Heap History (9 events):
Event: 1,937 GC heap before
{Heap before GC invocations=1 (full 0):
 PSYoungGen      total 36864K, used 31744K [0x00000000eab00000, 0x00000000ed400000, 0x0000000100000000)
  eden space 31744K, 100% used [0x00000000eab00000,0x00000000eca00000,0x00000000eca00000)
  from space 5120K, 0% used [0x00000000ecf00000,0x00000000ecf00000,0x00000000ed400000)
  to   space 5120K, 0% used [0x00000000eca00000,0x00000000eca00000,0x00000000ecf00000)
 ParOldGen       total 84992K, used 0K [0x00000000c0000000, 0x00000000c5300000, 0x00000000eab00000)
  object space 84992K, 0% used [0x00000000c0000000,0x00000000c0000000,0x00000000c5300000)
 Metaspace       used 5619K, capacity 6640K, committed 6784K, reserved 1056768K
  class space    used 590K, capacity 616K, committed 640K, reserved 1048576K
Event: 1,962 GC heap after
Heap after GC invocations=1 (full 0):
 PSYoungGen      total 36864K, used 4644K [0x00000000eab00000, 0x00000000ef300000, 0x0000000100000000)
  eden space 31744K, 0% used [0x00000000eab00000,0x00000000eab00000,0x00000000eca00000)
  from space 5120K, 90% used [0x00000000eca00000,0x00000000ece89250,0x00000000ecf00000)
  to   space 5120K, 0% used [0x00000000eee00000,0x00000000eee00000,0x00000000ef300000)
 ParOldGen       total 84992K, used 8K [0x00000000c0000000, 0x00000000c5300000, 0x00000000eab00000)
  object space 84992K, 0% used [0x00000000c0000000,0x00000000c0002000,0x00000000c5300000)
 Metaspace       used 5619K, capacity 6640K, committed 6784K, reserved 1056768K
  class space    used 590K, capacity 616K, committed 640K, reserved 1048576K
}
Event: 3,303 GC heap before
{Heap before GC invocations=2 (full 0):
 PSYoungGen      total 36864K, used 36388K [0x00000000eab00000, 0x00000000ef300000, 0x0000000100000000)
  eden space 31744K, 100% used [0x00000000eab00000,0x00000000eca00000,0x00000000eca00000)
  from space 5120K, 90% used [0x00000000eca00000,0x00000000ece89250,0x00000000ecf00000)
  to   space 5120K, 0% used [0x00000000eee00000,0x00000000eee00000,0x00000000ef300000)
 ParOldGen       total 84992K, used 8K [0x00000000c0000000, 0x00000000c5300000, 0x00000000eab00000)
  object space 84992K, 0% used [0x00000000c0000000,0x00000000c0002000,0x00000000c5300000)
 Metaspace       used 5744K, capacity 6704K, committed 6784K, reserved 1056768K
  class space    used 593K, capacity 616K, committed 640K, reserved 1048576K
Event: 3,329 GC heap after
Heap after GC invocations=2 (full 0):
 PSYoungGen      total 68608K, used 5096K [0x00000000eab00000, 0x00000000ef300000, 0x0000000100000000)
  eden space 63488K, 0% used [0x00000000eab00000,0x00000000eab00000,0x00000000ee900000)
  from space 5120K, 99% used [0x00000000eee00000,0x00000000ef2fa2c0,0x00000000ef300000)
  to   space 5120K, 0% used [0x00000000ee900000,0x00000000ee900000,0x00000000eee00000)
 ParOldGen       total 84992K, used 2903K [0x00000000c0000000, 0x00000000c5300000, 0x00000000eab00000)
  object space 84992K, 3% used [0x00000000c0000000,0x00000000c02d5c48,0x00000000c5300000)
 Metaspace       used 5744K, capacity 6704K, committed 6784K, reserved 1056768K
  class space    used 593K, capacity 616K, committed 640K, reserved 1048576K
}
Event: 5,339 GC heap before
{Heap before GC invocations=3 (full 0):
 PSYoungGen      total 68608K, used 68584K [0x00000000eab00000, 0x00000000ef300000, 0x0000000100000000)
  eden space 63488K, 100% used [0x00000000eab00000,0x00000000ee900000,0x00000000ee900000)
  from space 5120K, 99% used [0x00000000eee00000,0x00000000ef2fa2c0,0x00000000ef300000)
  to   space 5120K, 0% used [0x00000000ee900000,0x00000000ee900000,0x00000000eee00000)
 ParOldGen       total 84992K, used 2903K [0x00000000c0000000, 0x00000000c5300000, 0x00000000eab00000)
  object space 84992K, 3% used [0x00000000c0000000,0x00000000c02d5c48,0x00000000c5300000)
 Metaspace       used 5972K, capacity 6960K, committed 7040K, reserved 1056768K
  class space    used 594K, capacity 616K, committed 640K, reserved 1048576K
Event: 5,613 GC heap after
Heap after GC invocations=3 (full 0):
 PSYoungGen      total 68608K, used 5096K [0x00000000eab00000, 0x00000000f3100000, 0x0000000100000000)
  eden space 63488K, 0% used [0x00000000eab00000,0x00000000eab00000,0x00000000ee900000)
  from space 5120K, 99% used [0x00000000ee900000,0x00000000eedfa2c0,0x00000000eee00000)
  to   space 5120K, 0% used [0x00000000f2c00000,0x00000000f2c00000,0x00000000f3100000)
 ParOldGen       total 84992K, used 11327K [0x00000000c0000000, 0x00000000c5300000, 0x00000000eab00000)
  object space 84992K, 13% used [0x00000000c0000000,0x00000000c0b0fe58,0x00000000c5300000)
 Metaspace       used 5972K, capacity 6960K, committed 7040K, reserved 1056768K
  class space    used 594K, capacity 616K, committed 640K, reserved 1048576K
}
Event: 6,448 GC heap before
{Heap before GC invocations=4 (full 0):
 PSYoungGen      total 68608K, used 68584K [0x00000000eab00000, 0x00000000f3100000, 0x0000000100000000)
  eden space 63488K, 100% used [0x00000000eab00000,0x00000000ee900000,0x00000000ee900000)
  from space 5120K, 99% used [0x00000000ee900000,0x00000000eedfa2c0,0x00000000eee00000)
  to   space 5120K, 0% used [0x00000000f2c00000,0x00000000f2c00000,0x00000000f3100000)
 ParOldGen       total 84992K, used 11327K [0x00000000c0000000, 0x00000000c5300000, 0x00000000eab00000)
  object space 84992K, 13% used [0x00000000c0000000,0x00000000c0b0fe58,0x00000000c5300000)
 Metaspace       used 5972K, capacity 6960K, committed 7040K, reserved 1056768K
  class space    used 594K, capacity 616K, committed 640K, reserved 1048576K
Event: 6,680 GC heap after
Heap after GC invocations=4 (full 0):
 PSYoungGen      total 132096K, used 5096K [0x00000000eab00000, 0x00000000f3100000, 0x0000000100000000)
  eden space 126976K, 0% used [0x00000000eab00000,0x00000000eab00000,0x00000000f2700000)
  from space 5120K, 99% used [0x00000000f2c00000,0x00000000f30fa2c0,0x00000000f3100000)
  to   space 5120K, 0% used [0x00000000f2700000,0x00000000f2700000,0x00000000f2c00000)
 ParOldGen       total 84992K, used 21271K [0x00000000c0000000, 0x00000000c5300000, 0x00000000eab00000)
  object space 84992K, 25% used [0x00000000c0000000,0x00000000c14c5ec0,0x00000000c5300000)
 Metaspace       used 5972K, capacity 6960K, committed 7040K, reserved 1056768K
  class space    used 594K, capacity 616K, committed 640K, reserved 1048576K
}
Event: 9,611 GC heap before
{Heap before GC invocations=5 (full 0):
 PSYoungGen      total 132096K, used 132072K [0x00000000eab00000, 0x00000000f3100000, 0x0000000100000000)
  eden space 126976K, 100% used [0x00000000eab00000,0x00000000f2700000,0x00000000f2700000)
  from space 5120K, 99% used [0x00000000f2c00000,0x00000000f30fa2c0,0x00000000f3100000)
  to   space 5120K, 0% used [0x00000000f2700000,0x00000000f2700000,0x00000000f2c00000)
 ParOldGen       total 84992K, used 21271K [0x00000000c0000000, 0x00000000c5300000, 0x00000000eab00000)
  object space 84992K, 25% used [0x00000000c0000000,0x00000000c14c5ec0,0x00000000c5300000)
 Metaspace       used 6206K, capacity 7128K, committed 7424K, reserved 1056768K
  class space    used 614K, capacity 656K, committed 768K, reserved 1048576K

Deoptimization events (10 events):
Event: 4,481 Thread 0x00007f728400a000 Uncommon trap: reason=unstable_if action=reinterpret pc=0x00007f72752d1134 method=com.android.dx.rop.code.RegisterSpec.equals(ILcom/android/dx/rop/type/TypeBearer;Lcom/android/dx/rop/code/LocalItem;)Z @ 42
Event: 4,978 Thread 0x00007f7284150800 Uncommon trap: reason=unstable_if action=reinterpret pc=0x00007f7275325650 method=com.android.dx.rop.code.RegisterSpecSet.put(Lcom/android/dx/rop/code/RegisterSpec;)V @ 77
Event: 5,006 Thread 0x00007f728414d800 Uncommon trap: reason=bimorphic action=maybe_recompile pc=0x00007f72752c1a60 method=java.util.HashMap.getNode(ILjava/lang/Object;)Ljava/util/HashMap$Node; @ 126
Event: 5,006 Thread 0x00007f728414d800 Uncommon trap: reason=bimorphic action=maybe_recompile pc=0x00007f72752c1a60 method=java.util.HashMap.getNode(ILjava/lang/Object;)Ljava/util/HashMap$Node; @ 126
Event: 5,006 Thread 0x00007f728414d800 Uncommon trap: reason=bimorphic action=maybe_recompile pc=0x00007f72752c1a60 method=java.util.HashMap.getNode(ILjava/lang/Object;)Ljava/util/HashMap$Node; @ 126
Event: 5,006 Thread 0x00007f728414d800 Uncommon trap: reason=bimorphic action=maybe_recompile pc=0x00007f72752c1a60 method=java.util.HashMap.getNode(ILjava/lang/Object;)Ljava/util/HashMap$Node; @ 126
Event: 6,809 Thread 0x00007f7284150800 Uncommon trap: reason=bimorphic action=maybe_recompile pc=0x00007f7275566ac8 method=java.util.HashMap.putVal(ILjava/lang/Object;Ljava/lang/Object;ZZ)Ljava/lang/Object; @ 203
Event: 8,195 Thread 0x00007f728400a000 Uncommon trap: reason=unstable_if action=reinterpret pc=0x00007f7275315434 method=java.util.HashMap.putVal(ILjava/lang/Object;Ljava/lang/Object;ZZ)Ljava/lang/Object; @ 162
Event: 8,263 Thread 0x00007f7284149000 Uncommon trap: reason=unstable_if action=reinterpret pc=0x00007f7275468af4 method=java.util.HashMap.getNode(ILjava/lang/Object;)Ljava/util/HashMap$Node; @ 84
Event: 8,279 Thread 0x00007f7284149000 Uncommon trap: reason=unstable_if action=reinterpret pc=0x00007f72755664b0 method=java.util.HashMap.putVal(ILjava/lang/Object;Ljava/lang/Object;ZZ)Ljava/lang/Object; @ 94

Internal exceptions (6 events):
Event: 0,094 Thread 0x00007f728400a000 Exception <a 'java/lang/NoSuchMethodError': Method sun.misc.Unsafe.defineClass(Ljava/lang/String;[BII)Ljava/lang/Class; name or signature does not match> (0x00000000eab07cc0) thrown at [/HUDSON/workspace/8-2-build-linux-amd64/jdk8u91/6644/hotspot/src/shar
Event: 0,094 Thread 0x00007f728400a000 Exception <a 'java/lang/NoSuchMethodError': Method sun.misc.Unsafe.prefetchRead(Ljava/lang/Object;J)V name or signature does not match> (0x00000000eab07fa8) thrown at [/HUDSON/workspace/8-2-build-linux-amd64/jdk8u91/6644/hotspot/src/share/vm/prims/jni.cpp
Event: 3,701 Thread 0x00007f7284150800 Implicit null exception at 0x00007f72752b01c6 to 0x00007f72752b2c59
Event: 8,215 Thread 0x00007f728400a000 Exception <a 'java/lang/ArrayIndexOutOfBoundsException': 18> (0x00000000f07992f8) thrown at [/HUDSON/workspace/8-2-build-linux-amd64/jdk8u91/6644/hotspot/src/share/vm/interpreter/interpreterRuntime.cpp, line 366]
Event: 8,248 Thread 0x00007f728400a000 Exception <a 'java/lang/ArrayIndexOutOfBoundsException': 145> (0x00000000f079ae78) thrown at [/HUDSON/workspace/8-2-build-linux-amd64/jdk8u91/6644/hotspot/src/share/vm/interpreter/interpreterRuntime.cpp, line 366]
Event: 8,256 Thread 0x00007f728400a000 Exception <a 'java/lang/ArrayIndexOutOfBoundsException': 40> (0x00000000f079c160) thrown at [/HUDSON/workspace/8-2-build-linux-amd64/jdk8u91/6644/hotspot/src/share/vm/interpreter/interpreterRuntime.cpp, line 366]

Events (10 events):
Event: 8,465 Thread 0x00007f7284150800 DEOPT UNPACKING pc=0x00007f7275047233 sp=0x00007f72711b8da0 mode 0
Event: 8,492 Thread 0x00007f728414f000 DEOPT PACKING pc=0x00007f72752efa67 sp=0x00007f72712b9ed0
Event: 8,492 Thread 0x00007f728414f000 DEOPT UNPACKING pc=0x00007f7275047233 sp=0x00007f72712b9cb8 mode 0
Event: 8,828 Thread 0x00007f728414d800 DEOPT PACKING pc=0x00007f727526944d sp=0x00007f72713baea0
Event: 8,840 Thread 0x00007f728414d800 DEOPT UNPACKING pc=0x00007f7275047233 sp=0x00007f72713bac30 mode 0
Event: 8,947 Thread 0x00007f728414f000 DEOPT PACKING pc=0x00007f727534628a sp=0x00007f72712b9fd0
Event: 8,947 Thread 0x00007f728414f000 DEOPT UNPACKING pc=0x00007f7275047233 sp=0x00007f72712b9d88 mode 0
Event: 9,098 Thread 0x00007f728414f000 DEOPT PACKING pc=0x00007f72752efa67 sp=0x00007f72712b9da0
Event: 9,102 Thread 0x00007f728414f000 DEOPT UNPACKING pc=0x00007f7275047233 sp=0x00007f72712b9b88 mode 0
Event: 9,326 Executing VM operation: ParallelGCFailedAllocation


Dynamic libraries:
00400000-00401000 r-xp 00000000 08:01 6299487                            /usr/lib/jvm/java-8-oracle/bin/java
00600000-00601000 rw-p 00000000 08:01 6299487                            /usr/lib/jvm/java-8-oracle/bin/java
015a1000-015c2000 rw-p 00000000 00:00 0                                  [heap]
c0000000-c5300000 rw-p 00000000 00:00 0 
c5300000-eab00000 ---p 00000000 00:00 0 
eab00000-f3100000 rw-p 00000000 00:00 0 
fd800000-100000000 ---p 00000000 00:00 0 
100000000-1000c0000 rw-p 00000000 00:00 0 
1000c0000-140000000 ---p 00000000 00:00 0 
7f7234000000-7f7234021000 rw-p 00000000 00:00 0 
7f7234021000-7f7238000000 ---p 00000000 00:00 0 
7f723c000000-7f723c021000 rw-p 00000000 00:00 0 
7f723c021000-7f7240000000 ---p 00000000 00:00 0 
7f7240000000-7f7240021000 rw-p 00000000 00:00 0 
7f7240021000-7f7244000000 ---p 00000000 00:00 0 
7f7244000000-7f7244021000 rw-p 00000000 00:00 0 
7f7244021000-7f7248000000 ---p 00000000 00:00 0 
7f7248000000-7f7248027000 rw-p 00000000 00:00 0 
7f7248027000-7f724c000000 ---p 00000000 00:00 0 
7f724c000000-7f724c64d000 rw-p 00000000 00:00 0 
7f724c64d000-7f7250000000 ---p 00000000 00:00 0 
7f7250000000-7f7250021000 rw-p 00000000 00:00 0 
7f7250021000-7f7254000000 ---p 00000000 00:00 0 
7f7254000000-7f7254021000 rw-p 00000000 00:00 0 
7f7254021000-7f7258000000 ---p 00000000 00:00 0 
7f7258000000-7f72584e9000 rw-p 00000000 00:00 0 
7f72584e9000-7f725c000000 ---p 00000000 00:00 0 
7f725c000000-7f725c021000 rw-p 00000000 00:00 0 
7f725c021000-7f7260000000 ---p 00000000 00:00 0 
7f7260000000-7f7260021000 rw-p 00000000 00:00 0 
7f7260021000-7f7264000000 ---p 00000000 00:00 0 
7f7264000000-7f7264021000 rw-p 00000000 00:00 0 
7f7264021000-7f7268000000 ---p 00000000 00:00 0 
7f7268000000-7f726828f000 rw-p 00000000 00:00 0 
7f726828f000-7f726c000000 ---p 00000000 00:00 0 
7f726c000000-7f726c021000 rw-p 00000000 00:00 0 
7f726c021000-7f7270000000 ---p 00000000 00:00 0 
7f72710ba000-7f72710bd000 ---p 00000000 00:00 0 
7f72710bd000-7f72711bb000 rw-p 00000000 00:00 0 
7f72711bb000-7f72711be000 ---p 00000000 00:00 0 
7f72711be000-7f72712bc000 rw-p 00000000 00:00 0 
7f72712bc000-7f72712bf000 ---p 00000000 00:00 0 
7f72712bf000-7f72713bd000 rw-p 00000000 00:00 0 
7f72713bd000-7f72713c0000 ---p 00000000 00:00 0 
7f72713c0000-7f72714be000 rw-p 00000000 00:00 0 
7f72714be000-7f72714c1000 ---p 00000000 00:00 0 
7f72714c1000-7f72715bf000 rw-p 00000000 00:00 0 
7f72715bf000-7f72715c0000 ---p 00000000 00:00 0 
7f72715c0000-7f72716c0000 rw-p 00000000 00:00 0 
7f72716c0000-7f72716c3000 ---p 00000000 00:00 0 
7f72716c3000-7f72717c1000 rw-p 00000000 00:00 0 
7f72717c1000-7f72717c4000 ---p 00000000 00:00 0 
7f72717c4000-7f72718c2000 rw-p 00000000 00:00 0 
7f72718c2000-7f72718c5000 ---p 00000000 00:00 0 
7f72718c5000-7f72719c3000 rw-p 00000000 00:00 0 
7f72719c3000-7f72719c6000 ---p 00000000 00:00 0 
7f72719c6000-7f7271ac4000 rw-p 00000000 00:00 0 
7f7271ac4000-7f7271ef7000 r--p 00000000 08:01 6167481                    /usr/lib/locale/locale-archive
7f7271ef7000-7f7271efa000 ---p 00000000 00:00 0 
7f7271efa000-7f7271ff8000 rw-p 00000000 00:00 0 
7f7271ff8000-7f7271ffb000 ---p 00000000 00:00 0 
7f7271ffb000-7f72720f9000 rw-p 00000000 00:00 0 
7f72720f9000-7f72720fa000 ---p 00000000 00:00 0 
7f72720fa000-7f7272e80000 rw-p 00000000 00:00 0 
7f7272e80000-7f7273000000 ---p 00000000 00:00 0 
7f7273000000-7f7275000000 rw-p 00000000 00:00 0 
7f7275000000-7f7275660000 rwxp 00000000 00:00 0 
7f7275660000-7f7284000000 ---p 00000000 00:00 0 
7f7284000000-7f72843a2000 rw-p 00000000 00:00 0 
7f72843a2000-7f7288000000 ---p 00000000 00:00 0 
7f728801f000-7f728804f000 r--p 00000000 08:01 6951706                    /usr/share/locale-langpack/uk/LC_MESSAGES/libc.mo
7f728804f000-7f7288066000 r--s 00101000 08:01 4851043                    /home/nikolay/AndroidStudioProjects/SMS_1.0/app/build/intermediates/exploded-aar/com.android.support/support-v4/24.0.0/jars/classes.jar
7f7288066000-7f7288074000 r--s 000e0000 08:01 4587761                    /home/nikolay/Android/Sdk/build-tools/24.0.0/lib/dx.jar
7f7288074000-7f72883da000 rw-p 00000000 00:00 0 
7f72883da000-7f72885b3000 r--s 03d1f000 08:01 6172399                    /usr/lib/jvm/java-8-oracle/jre/lib/rt.jar
7f72885b3000-7f7288829000 rw-p 00000000 00:00 0 
7f7288829000-7f728882a000 ---p 00000000 00:00 0 
7f728882a000-7f728892a000 rw-p 00000000 00:00 0 
7f728892a000-7f728892b000 ---p 00000000 00:00 0 
7f728892b000-7f7288a55000 rw-p 00000000 00:00 0 
7f7288a55000-7f7288b81000 ---p 00000000 00:00 0 
7f7288b81000-7f7288bab000 rw-p 00000000 00:00 0 
7f7288bab000-7f7288cd6000 ---p 00000000 00:00 0 
7f7288cd6000-7f7288d1a000 rw-p 00000000 00:00 0 
7f7288d1a000-7f7288d81000 ---p 00000000 00:00 0 
7f7288d81000-7f7288d9c000 rw-p 00000000 00:00 0 
7f7288d9c000-7f7289142000 ---p 00000000 00:00 0 
7f7289142000-7f728915c000 r-xp 00000000 08:01 6172487                    /usr/lib/jvm/java-8-oracle/jre/lib/amd64/libzip.so
7f728915c000-7f728935c000 ---p 0001a000 08:01 6172487                    /usr/lib/jvm/java-8-oracle/jre/lib/amd64/libzip.so
7f728935c000-7f728935d000 rw-p 0001a000 08:01 6172487                    /usr/lib/jvm/java-8-oracle/jre/lib/amd64/libzip.so
7f728935d000-7f7289367000 r-xp 00000000 08:01 5509682                    /lib/x86_64-linux-gnu/libnss_files-2.19.so
7f7289367000-7f7289566000 ---p 0000a000 08:01 5509682                    /lib/x86_64-linux-gnu/libnss_files-2.19.so
7f7289566000-7f7289567000 r--p 00009000 08:01 5509682                    /lib/x86_64-linux-gnu/libnss_files-2.19.so
7f7289567000-7f7289568000 rw-p 0000a000 08:01 5509682                    /lib/x86_64-linux-gnu/libnss_files-2.19.so
7f7289568000-7f7289573000 r-xp 00000000 08:01 5509674                    /lib/x86_64-linux-gnu/libnss_nis-2.19.so
7f7289573000-7f7289772000 ---p 0000b000 08:01 5509674                    /lib/x86_64-linux-gnu/libnss_nis-2.19.so
7f7289772000-7f7289773000 r--p 0000a000 08:01 5509674                    /lib/x86_64-linux-gnu/libnss_nis-2.19.so
7f7289773000-7f7289774000 rw-p 0000b000 08:01 5509674                    /lib/x86_64-linux-gnu/libnss_nis-2.19.so
7f7289774000-7f728978b000 r-xp 00000000 08:01 5509670                    /lib/x86_64-linux-gnu/libnsl-2.19.so
7f728978b000-7f728998a000 ---p 00017000 08:01 5509670                    /lib/x86_64-linux-gnu/libnsl-2.19.so
7f728998a000-7f728998b000 r--p 00016000 08:01 5509670                    /lib/x86_64-linux-gnu/libnsl-2.19.so
7f728998b000-7f728998c000 rw-p 00017000 08:01 5509670                    /lib/x86_64-linux-gnu/libnsl-2.19.so
7f728998c000-7f728998e000 rw-p 00000000 00:00 0 
7f728998e000-7f7289997000 r-xp 00000000 08:01 5509669                    /lib/x86_64-linux-gnu/libnss_compat-2.19.so
7f7289997000-7f7289b96000 ---p 00009000 08:01 5509669                    /lib/x86_64-linux-gnu/libnss_compat-2.19.so
7f7289b96000-7f7289b97000 r--p 00008000 08:01 5509669                    /lib/x86_64-linux-gnu/libnss_compat-2.19.so
7f7289b97000-7f7289b98000 rw-p 00009000 08:01 5509669                    /lib/x86_64-linux-gnu/libnss_compat-2.19.so
7f7289b98000-7f7289bc2000 r-xp 00000000 08:01 6172505                    /usr/lib/jvm/java-8-oracle/jre/lib/amd64/libjava.so
7f7289bc2000-7f7289dc2000 ---p 0002a000 08:01 6172505                    /usr/lib/jvm/java-8-oracle/jre/lib/amd64/libjava.so
7f7289dc2000-7f7289dc4000 rw-p 0002a000 08:01 6172505                    /usr/lib/jvm/java-8-oracle/jre/lib/amd64/libjava.so
7f7289dc4000-7f7289dd1000 r-xp 00000000 08:01 6172535                    /usr/lib/jvm/java-8-oracle/jre/lib/amd64/libverify.so
7f7289dd1000-7f7289fd1000 ---p 0000d000 08:01 6172535                    /usr/lib/jvm/java-8-oracle/jre/lib/amd64/libverify.so
7f7289fd1000-7f7289fd3000 rw-p 0000d000 08:01 6172535                    /usr/lib/jvm/java-8-oracle/jre/lib/amd64/libverify.so
7f7289fd3000-7f7289fda000 r-xp 00000000 08:01 5509678                    /lib/x86_64-linux-gnu/librt-2.19.so
7f7289fda000-7f728a1d9000 ---p 00007000 08:01 5509678                    /lib/x86_64-linux-gnu/librt-2.19.so
7f728a1d9000-7f728a1da000 r--p 00006000 08:01 5509678                    /lib/x86_64-linux-gnu/librt-2.19.so
7f728a1da000-7f728a1db000 rw-p 00007000 08:01 5509678                    /lib/x86_64-linux-gnu/librt-2.19.so
7f728a1db000-7f728a2e0000 r-xp 00000000 08:01 5509664                    /lib/x86_64-linux-gnu/libm-2.19.so
7f728a2e0000-7f728a4df000 ---p 00105000 08:01 5509664                    /lib/x86_64-linux-gnu/libm-2.19.so
7f728a4df000-7f728a4e0000 r--p 00104000 08:01 5509664                    /lib/x86_64-linux-gnu/libm-2.19.so
7f728a4e0000-7f728a4e1000 rw-p 00105000 08:01 5509664                    /lib/x86_64-linux-gnu/libm-2.19.so
7f728a4e1000-7f728b1a1000 r-xp 00000000 08:01 6172542                    /usr/lib/jvm/java-8-oracle/jre/lib/amd64/server/libjvm.so
7f728b1a1000-7f728b3a1000 ---p 00cc0000 08:01 6172542                    /usr/lib/jvm/java-8-oracle/jre/lib/amd64/server/libjvm.so
7f728b3a1000-7f728b479000 rw-p 00cc0000 08:01 6172542                    /usr/lib/jvm/java-8-oracle/jre/lib/amd64/server/libjvm.so
7f728b479000-7f728b4c4000 rw-p 00000000 00:00 0 
7f728b4c4000-7f728b67e000 r-xp 00000000 08:01 5509679                    /lib/x86_64-linux-gnu/libc-2.19.so
7f728b67e000-7f728b87e000 ---p 001ba000 08:01 5509679                    /lib/x86_64-linux-gnu/libc-2.19.so
7f728b87e000-7f728b882000 r--p 001ba000 08:01 5509679                    /lib/x86_64-linux-gnu/libc-2.19.so
7f728b882000-7f728b884000 rw-p 001be000 08:01 5509679                    /lib/x86_64-linux-gnu/libc-2.19.so
7f728b884000-7f728b889000 rw-p 00000000 00:00 0 
7f728b889000-7f728b88c000 r-xp 00000000 08:01 5509666                    /lib/x86_64-linux-gnu/libdl-2.19.so
7f728b88c000-7f728ba8b000 ---p 00003000 08:01 5509666                    /lib/x86_64-linux-gnu/libdl-2.19.so
7f728ba8b000-7f728ba8c000 r--p 00002000 08:01 5509666                    /lib/x86_64-linux-gnu/libdl-2.19.so
7f728ba8c000-7f728ba8d000 rw-p 00003000 08:01 5509666                    /lib/x86_64-linux-gnu/libdl-2.19.so
7f728ba8d000-7f728baa2000 r-xp 00000000 08:01 6299428                    /usr/lib/jvm/java-8-oracle/lib/amd64/jli/libjli.so
7f728baa2000-7f728bca2000 ---p 00015000 08:01 6299428                    /usr/lib/jvm/java-8-oracle/lib/amd64/jli/libjli.so
7f728bca2000-7f728bca3000 rw-p 00015000 08:01 6299428                    /usr/lib/jvm/java-8-oracle/lib/amd64/jli/libjli.so
7f728bca3000-7f728bcbc000 r-xp 00000000 08:01 5509671                    /lib/x86_64-linux-gnu/libpthread-2.19.so
7f728bcbc000-7f728bebb000 ---p 00019000 08:01 5509671                    /lib/x86_64-linux-gnu/libpthread-2.19.so
7f728bebb000-7f728bebc000 r--p 00018000 08:01 5509671                    /lib/x86_64-linux-gnu/libpthread-2.19.so
7f728bebc000-7f728bebd000 rw-p 00019000 08:01 5509671                    /lib/x86_64-linux-gnu/libpthread-2.19.so
7f728bebd000-7f728bec1000 rw-p 00000000 00:00 0 
7f728bec1000-7f728bee4000 r-xp 00000000 08:01 5509672                    /lib/x86_64-linux-gnu/ld-2.19.so
7f728bee4000-7f728beeb000 r--s 00000000 08:01 6562716                    /usr/lib/x86_64-linux-gnu/gconv/gconv-modules.cache
7f728beeb000-7f728bfbd000 rw-p 00000000 00:00 0 
7f728bfbd000-7f728bfc0000 ---p 00000000 00:00 0 
7f728bfc0000-7f728c0d7000 rw-p 00000000 00:00 0 
7f728c0d7000-7f728c0df000 rw-s 00000000 08:01 5245489                    /tmp/hsperfdata_nikolay/18879
7f728c0df000-7f728c0e0000 rw-p 00000000 00:00 0 
7f728c0e0000-7f728c0e1000 ---p 00000000 00:00 0 
7f728c0e1000-7f728c0e3000 rw-p 00000000 00:00 0 
7f728c0e3000-7f728c0e4000 r--p 00022000 08:01 5509672                    /lib/x86_64-linux-gnu/ld-2.19.so
7f728c0e4000-7f728c0e5000 rw-p 00023000 08:01 5509672                    /lib/x86_64-linux-gnu/ld-2.19.so
7f728c0e5000-7f728c0e6000 rw-p 00000000 00:00 0 
7ffe36ceb000-7ffe36d0c000 rw-p 00000000 00:00 0                          [stack]
7ffe36dc0000-7ffe36dc2000 r--p 00000000 00:00 0                          [vvar]
7ffe36dc2000-7ffe36dc4000 r-xp 00000000 00:00 0                          [vdso]
ffffffffff600000-ffffffffff601000 r-xp 00000000 00:00 0                  [vsyscall]

VM Arguments:
jvm_args: -Djava.awt.headless=true -Xmx1024M -Dfile.encoding=UTF-8 -Duser.country=UA -Duser.language=uk -Duser.variant 
java_command: com.android.dx.command.Main --dex --force-jumbo --num-threads=4 --multi-dex --output /home/nikolay/AndroidStudioProjects/SMS_1.0/app/build/intermediates/transforms/dex/debug/folders/1000/10/com.android.support-support-v4-24.0.0_33b32ef61783e8224f1208921d517c29f2971a21 /home/nikolay/AndroidStudioProjects/SMS_1.0/app/build/intermediates/exploded-aar/com.android.support/support-v4/24.0.0/jars/classes.jar
java_class_path (initial): /home/nikolay/Android/Sdk/build-tools/24.0.0/lib/dx.jar
Launcher Type: SUN_STANDARD

Environment Variables:
PATH=/usr/local/sbin:/usr/local/bin:/usr/sbin:/usr/bin:/sbin:/bin:/usr/games:/usr/local/games
USERNAME=nikolay
LD_LIBRARY_PATH=/opt/android-studio/bin:
SHELL=/bin/bash
DISPLAY=:0

Signal Handlers:
SIGSEGV: [libjvm.so+0xabca10], sa_mask[0]=11111111011111111101111111111110, sa_flags=SA_RESTART|SA_SIGINFO
SIGBUS: [libjvm.so+0xabca10], sa_mask[0]=11111111011111111101111111111110, sa_flags=SA_RESTART|SA_SIGINFO
SIGFPE: [libjvm.so+0x919a20], sa_mask[0]=11111111011111111101111111111110, sa_flags=SA_RESTART|SA_SIGINFO
SIGPIPE: [libjvm.so+0x919a20], sa_mask[0]=11111111011111111101111111111110, sa_flags=SA_RESTART|SA_SIGINFO
SIGXFSZ: [libjvm.so+0x919a20], sa_mask[0]=11111111011111111101111111111110, sa_flags=SA_RESTART|SA_SIGINFO
SIGILL: [libjvm.so+0x919a20], sa_mask[0]=11111111011111111101111111111110, sa_flags=SA_RESTART|SA_SIGINFO
SIGUSR1: SIG_DFL, sa_mask[0]=00000000000000000000000000000000, sa_flags=none
SIGUSR2: [libjvm.so+0x91b050], sa_mask[0]=00100000000000000000000000000000, sa_flags=SA_RESTART|SA_SIGINFO
SIGHUP: [libjvm.so+0x91c450], sa_mask[0]=11111111011111111101111111111110, sa_flags=SA_RESTART|SA_SIGINFO
SIGINT: [libjvm.so+0x91c450], sa_mask[0]=11111111011111111101111111111110, sa_flags=SA_RESTART|SA_SIGINFO
SIGTERM: [libjvm.so+0x91c450], sa_mask[0]=11111111011111111101111111111110, sa_flags=SA_RESTART|SA_SIGINFO
SIGQUIT: [libjvm.so+0x91c450], sa_mask[0]=11111111011111111101111111111110, sa_flags=SA_RESTART|SA_SIGINFO


---------------  S Y S T E M  ---------------

OS:DISTRIB_ID=LinuxMint
DISTRIB_RELEASE=17.3
DISTRIB_CODENAME=rosa
DISTRIB_DESCRIPTION="Linux Mint 17.3 Rosa"

uname:Linux 4.4.0-28-generic #47~14.04.1-Ubuntu SMP Fri Jun 24 16:30:35 UTC 2016 x86_64
libc:glibc 2.19 NPTL 2.19 
rlimit: STACK 8192k, CORE 0k, NPROC 31252, NOFILE 4096, AS infinity
load average:6,74 2,19 1,60

/proc/meminfo:
MemTotal:        8041008 kB
MemFree:          271924 kB
MemAvailable:     187508 kB
Buffers:            2244 kB
Cached:          1431232 kB
SwapCached:            0 kB
Active:          6205076 kB
Inactive:        1343980 kB
Active(anon):    6192136 kB
Inactive(anon):  1293420 kB
Active(file):      12940 kB
Inactive(file):    50560 kB
Unevictable:          32 kB
Mlocked:              32 kB
SwapTotal:             0 kB
SwapFree:              0 kB
Dirty:              5712 kB
Writeback:             0 kB
AnonPages:       6084820 kB
Mapped:           510832 kB
Shmem:           1369732 kB
Slab:              79840 kB
SReclaimable:      41628 kB
SUnreclaim:        38212 kB
KernelStack:       11296 kB
PageTables:        48144 kB
NFS_Unstable:          0 kB
Bounce:                0 kB
WritebackTmp:          0 kB
CommitLimit:     4020504 kB
Committed_AS:   12276332 kB
VmallocTotal:   34359738367 kB
VmallocUsed:           0 kB
VmallocChunk:          0 kB
HardwareCorrupted:     0 kB
AnonHugePages:   4147200 kB
CmaTotal:              0 kB
CmaFree:               0 kB
HugePages_Total:       0
HugePages_Free:        0
HugePages_Rsvd:        0
HugePages_Surp:        0
Hugepagesize:       2048 kB
DirectMap4k:      167160 kB
DirectMap2M:     8087552 kB


CPU:total 2 (2 cores per cpu, 1 threads per core) family 6 model 58 stepping 9, cmov, cx8, fxsr, mmx, sse, sse2, sse3, ssse3, sse4.1, sse4.2, popcnt, clmul, erms, tsc, tscinvbit, tscinv

/proc/cpuinfo:
processor	: 0
vendor_id	: GenuineIntel
cpu family	: 6
model		: 58
model name	: Intel(R) Pentium(R) CPU 2020M @ 2.40GHz
stepping	: 9
microcode	: 0x15
cpu MHz		: 2399.906
cache size	: 2048 KB
physical id	: 0
siblings	: 2
core id		: 0
cpu cores	: 2
apicid		: 0
initial apicid	: 0
fpu		: yes
fpu_exception	: yes
cpuid level	: 13
wp		: yes
flags		: fpu vme de pse tsc msr pae mce cx8 apic sep mtrr pge mca cmov pat pse36 clflush dts acpi mmx fxsr sse sse2 ss ht tm pbe syscall nx rdtscp lm constant_tsc arch_perfmon pebs bts rep_good nopl xtopology nonstop_tsc aperfmperf eagerfpu pni pclmulqdq dtes64 monitor ds_cpl vmx est tm2 ssse3 cx16 xtpr pdcm pcid sse4_1 sse4_2 x2apic popcnt tsc_deadline_timer xsave lahf_lm epb tpr_shadow vnmi flexpriority ept vpid fsgsbase smep erms xsaveopt dtherm arat pln pts
bugs		:
bogomips	: 4788.66
clflush size	: 64
cache_alignment	: 64
address sizes	: 36 bits physical, 48 bits virtual
power management:

processor	: 1
vendor_id	: GenuineIntel
cpu family	: 6
model		: 58
model name	: Intel(R) Pentium(R) CPU 2020M @ 2.40GHz
stepping	: 9
microcode	: 0x15
cpu MHz		: 2400.000
cache size	: 2048 KB
physical id	: 0
siblings	: 2
core id		: 1
cpu cores	: 2
apicid		: 2
initial apicid	: 2
fpu		: yes
fpu_exception	: yes
cpuid level	: 13
wp		: yes
flags		: fpu vme de pse tsc msr pae mce cx8 apic sep mtrr pge mca cmov pat pse36 clflush dts acpi mmx fxsr sse sse2 ss ht tm pbe syscall nx rdtscp lm constant_tsc arch_perfmon pebs bts rep_good nopl xtopology nonstop_tsc aperfmperf eagerfpu pni pclmulqdq dtes64 monitor ds_cpl vmx est tm2 ssse3 cx16 xtpr pdcm pcid sse4_1 sse4_2 x2apic popcnt tsc_deadline_timer xsave lahf_lm epb tpr_shadow vnmi flexpriority ept vpid fsgsbase smep erms xsaveopt dtherm arat pln pts
bugs		:
bogomips	: 4788.66
clflush size	: 64
cache_alignment	: 64
address sizes	: 36 bits physical, 48 bits virtual
power management:



Memory: 4k page, physical 8041008k(271800k free), swap 0k(0k free)

vm_info: Java HotSpot(TM) 64-Bit Server VM (25.91-b14) for linux-amd64 JRE (1.8.0_91-b14), built on Apr  1 2016 00:57:21 by "java_re" with gcc 4.3.0 20080428 (Red Hat 4.3.0-8)

time: Tue Jul  5 14:09:07 2016
elapsed time: 19 seconds (0d 0h 0m 19s)

