#
# There is insufficient memory for the Java Runtime Environment to continue.
# Native memory allocation (mmap) failed to map 169869312 bytes for committing reserved memory.
# Possible reasons:
#   The system is out of physical RAM or swap space
#   In 32 bit mode, the process size limit was hit
# Possible solutions:
#   Reduce memory load on the system
#   Increase physical memory or swap space
#   Check if swap backing store is full
#   Use 64 bit Java on a 64 bit OS
#   Decrease Java heap size (-Xmx/-Xms)
#   Decrease number of Java threads
#   Decrease Java thread stack sizes (-Xss)
#   Set larger code cache with -XX:ReservedCodeCacheSize=
# This output file may be truncated or incomplete.
#
#  Out of Memory Error (os_linux.cpp:2627), pid=18876, tid=140574789945088
#
# JRE version: Java(TM) SE Runtime Environment (8.0_91-b14) (build 1.8.0_91-b14)
# Java VM: Java HotSpot(TM) 64-Bit Server VM (25.91-b14 mixed mode linux-amd64 compressed oops)
# Failed to write core dump. Core dumps have been disabled. To enable core dumping, try "ulimit -c unlimited" before starting Java again
#

---------------  T H R E A D  ---------------

Current thread (0x00007fda30073800):  VMThread [stack: 0x00007fda1e5b4000,0x00007fda1e6b5000] [id=18892]

Stack: [0x00007fda1e5b4000,0x00007fda1e6b5000],  sp=0x00007fda1e6b2fe0,  free space=1019k
Native frames: (J=compiled Java code, j=interpreted, Vv=VM code, C=native code)
V  [libjvm.so+0xabc18a]  VMError::report_and_die()+0x2ba
V  [libjvm.so+0x4fafeb]  report_vm_out_of_memory(char const*, int, unsigned long, VMErrorType, char const*)+0x8b
V  [libjvm.so+0x91cbb3]  os::Linux::commit_memory_impl(char*, unsigned long, bool)+0x103
V  [libjvm.so+0x91d109]  os::pd_commit_memory(char*, unsigned long, unsigned long, bool)+0x29
V  [libjvm.so+0x91740a]  os::commit_memory(char*, unsigned long, unsigned long, bool)+0x2a
V  [libjvm.so+0x98b033]  PSVirtualSpace::expand_by(unsigned long)+0x53
V  [libjvm.so+0x98c438]  PSYoungGen::resize_generation(unsigned long, unsigned long)+0xf8
V  [libjvm.so+0x98b592]  PSYoungGen::resize(unsigned long, unsigned long)+0x22
V  [libjvm.so+0x98886b]  PSScavenge::invoke_no_policy()+0xf3b
V  [libjvm.so+0x988ff1]  PSScavenge::invoke()+0x41
V  [libjvm.so+0x9408b0]  ParallelScavengeHeap::failed_mem_allocate(unsigned long)+0x70
V  [libjvm.so+0xabdba7]  VM_ParallelGCFailedAllocation::doit()+0x97
V  [libjvm.so+0xac55d5]  VM_Operation::evaluate()+0x55
V  [libjvm.so+0xac39aa]  VMThread::evaluate_operation(VM_Operation*)+0xba
V  [libjvm.so+0xac3d2e]  VMThread::loop()+0x1ce
V  [libjvm.so+0xac41a0]  VMThread::run()+0x70
V  [libjvm.so+0x91ef78]  java_start(Thread*)+0x108

VM_Operation (0x00007fda1d669cf0): ParallelGCFailedAllocation, mode: safepoint, requested by thread 0x00007fda30153800


---------------  P R O C E S S  ---------------

Java Threads: ( => current thread )
  0x00007fda30153800 JavaThread "pool-2-thread-4" [_thread_blocked, id=18911, stack(0x00007fda1d56b000,0x00007fda1d66c000)]
  0x00007fda30152000 JavaThread "pool-2-thread-3" [_thread_blocked, id=18910, stack(0x00007fda1d66c000,0x00007fda1d76d000)]
  0x00007fda3014f000 JavaThread "pool-2-thread-2" [_thread_blocked, id=18909, stack(0x00007fda1d76d000,0x00007fda1d86e000)]
  0x00007fda3014d000 JavaThread "pool-3-thread-1" [_thread_blocked, id=18908, stack(0x00007fda1d86e000,0x00007fda1d96f000)]
  0x00007fda3014b000 JavaThread "pool-2-thread-1" [_thread_blocked, id=18907, stack(0x00007fda1d96f000,0x00007fda1da70000)]
  0x00007fda300ba000 JavaThread "Service Thread" daemon [_thread_blocked, id=18903, stack(0x00007fda1db7b000,0x00007fda1dc7c000)]
  0x00007fda300b7800 JavaThread "C1 CompilerThread1" daemon [_thread_blocked, id=18900, stack(0x00007fda1dc7c000,0x00007fda1dd7d000)]
  0x00007fda300b4800 JavaThread "C2 CompilerThread0" daemon [_thread_blocked, id=18899, stack(0x00007fda1dd7d000,0x00007fda1de7e000)]
  0x00007fda300b3000 JavaThread "Signal Dispatcher" daemon [_thread_blocked, id=18897, stack(0x00007fda1de7e000,0x00007fda1df7f000)]
  0x00007fda30080000 JavaThread "Finalizer" daemon [_thread_blocked, id=18896, stack(0x00007fda1e3b2000,0x00007fda1e4b3000)]
  0x00007fda3007b800 JavaThread "Reference Handler" daemon [_thread_blocked, id=18893, stack(0x00007fda1e4b3000,0x00007fda1e5b4000)]
  0x00007fda3000a000 JavaThread "main" [_thread_blocked, id=18882, stack(0x00007fda38417000,0x00007fda38518000)]

Other Threads:
=>0x00007fda30073800 VMThread [stack: 0x00007fda1e5b4000,0x00007fda1e6b5000] [id=18892]
  0x00007fda300bd000 WatcherThread [stack: 0x00007fda1da7a000,0x00007fda1db7b000] [id=18905]

VM state:at safepoint (normal execution)

VM Mutex/Monitor currently owned by a thread:  ([mutex/lock_event])
[0x00007fda30006570] Threads_lock - owner thread: 0x00007fda30073800
[0x00007fda30006a70] Heap_lock - owner thread: 0x00007fda30153800

Heap:
 PSYoungGen      total 132096K, used 5093K [0x00000000eab00000, 0x00000000f3100000, 0x0000000100000000)
  eden space 126976K, 0% used [0x00000000eab00000,0x00000000eab00000,0x00000000f2700000)
  from space 5120K, 99% used [0x00000000f2700000,0x00000000f2bf97d0,0x00000000f2c00000)
  to   space 5120K, 0% used [0x00000000f2c00000,0x00000000f2c00000,0x00000000f3100000)
 ParOldGen       total 84992K, used 40630K [0x00000000c0000000, 0x00000000c5300000, 0x00000000eab00000)
  object space 84992K, 47% used [0x00000000c0000000,0x00000000c27ad998,0x00000000c5300000)
 Metaspace       used 6227K, capacity 7128K, committed 7424K, reserved 1056768K
  class space    used 614K, capacity 656K, committed 768K, reserved 1048576K

Card table byte_map: [0x00007fda34fdb000,0x00007fda351dc000] byte_map_base: 0x00007fda349db000

Marking Bits: (ParMarkBitMap*) 0x00007fda378f1d60
 Begin Bits: [0x00007fda1f000000, 0x00007fda20000000)
 End Bits:   [0x00007fda20000000, 0x00007fda21000000)

Polling page: 0x00007fda3853a000

CodeCache: size=245760Kb used=6554Kb max_used=6554Kb free=239205Kb
 bounds [0x00007fda21000000, 0x00007fda21670000, 0x00007fda30000000]
 total_blobs=1909 nmethods=1642 adapters=182
 compilation: enabled

Compilation events (10 events):
Event: 8,221 Thread 0x00007fda300b7800 1933       2       java.lang.Integer::bitCount (49 bytes)
Event: 8,222 Thread 0x00007fda300b7800 nmethod 1933 0x00007fda21667590 code [0x00007fda216676e0, 0x00007fda21667850]
Event: 8,230 Thread 0x00007fda300b7800 1934       2       com.android.dx.cf.code.LocalVariableList$Item::matchesAllButType (53 bytes)
Event: 8,231 Thread 0x00007fda300b7800 nmethod 1934 0x00007fda216678d0 code [0x00007fda21667a40, 0x00007fda21667c68]
Event: 8,231 Thread 0x00007fda300b7800 1935       2       com.android.dx.cf.code.LocalVariableList::itemToLocal (47 bytes)
Event: 8,231 Thread 0x00007fda300b7800 nmethod 1935 0x00007fda21667dd0 code [0x00007fda21667f60, 0x00007fda216681f8]
Event: 8,232 Thread 0x00007fda300b7800 1936       2       com.android.dx.cf.code.ExecutionStack::makeInitialized (51 bytes)
Event: 8,232 Thread 0x00007fda300b7800 nmethod 1936 0x00007fda21668390 code [0x00007fda21668520, 0x00007fda216688b8]
Event: 8,236 Thread 0x00007fda300b7800 1937       2       com.android.dx.rop.type.Type::asUninitialized (140 bytes)
Event: 8,237 Thread 0x00007fda300b7800 nmethod 1937 0x00007fda21668b50 code [0x00007fda21668dc0, 0x00007fda21669858]

GC Heap History (9 events):
Event: 2,201 GC heap before
{Heap before GC invocations=1 (full 0):
 PSYoungGen      total 36864K, used 31744K [0x00000000eab00000, 0x00000000ed400000, 0x0000000100000000)
  eden space 31744K, 100% used [0x00000000eab00000,0x00000000eca00000,0x00000000eca00000)
  from space 5120K, 0% used [0x00000000ecf00000,0x00000000ecf00000,0x00000000ed400000)
  to   space 5120K, 0% used [0x00000000eca00000,0x00000000eca00000,0x00000000ecf00000)
 ParOldGen       total 84992K, used 0K [0x00000000c0000000, 0x00000000c5300000, 0x00000000eab00000)
  object space 84992K, 0% used [0x00000000c0000000,0x00000000c0000000,0x00000000c5300000)
 Metaspace       used 5702K, capacity 6704K, committed 6784K, reserved 1056768K
  class space    used 592K, capacity 616K, committed 640K, reserved 1048576K
Event: 2,246 GC heap after
Heap after GC invocations=1 (full 0):
 PSYoungGen      total 36864K, used 5092K [0x00000000eab00000, 0x00000000ef300000, 0x0000000100000000)
  eden space 31744K, 0% used [0x00000000eab00000,0x00000000eab00000,0x00000000eca00000)
  from space 5120K, 99% used [0x00000000eca00000,0x00000000ecef92c0,0x00000000ecf00000)
  to   space 5120K, 0% used [0x00000000eee00000,0x00000000eee00000,0x00000000ef300000)
 ParOldGen       total 84992K, used 834K [0x00000000c0000000, 0x00000000c5300000, 0x00000000eab00000)
  object space 84992K, 0% used [0x00000000c0000000,0x00000000c00d0980,0x00000000c5300000)
 Metaspace       used 5702K, capacity 6704K, committed 6784K, reserved 1056768K
  class space    used 592K, capacity 616K, committed 640K, reserved 1048576K
}
Event: 3,492 GC heap before
{Heap before GC invocations=2 (full 0):
 PSYoungGen      total 36864K, used 36836K [0x00000000eab00000, 0x00000000ef300000, 0x0000000100000000)
  eden space 31744K, 100% used [0x00000000eab00000,0x00000000eca00000,0x00000000eca00000)
  from space 5120K, 99% used [0x00000000eca00000,0x00000000ecef92c0,0x00000000ecf00000)
  to   space 5120K, 0% used [0x00000000eee00000,0x00000000eee00000,0x00000000ef300000)
 ParOldGen       total 84992K, used 834K [0x00000000c0000000, 0x00000000c5300000, 0x00000000eab00000)
  object space 84992K, 0% used [0x00000000c0000000,0x00000000c00d0980,0x00000000c5300000)
 Metaspace       used 5804K, capacity 6832K, committed 7040K, reserved 1056768K
  class space    used 593K, capacity 616K, committed 640K, reserved 1048576K
Event: 3,613 GC heap after
Heap after GC invocations=2 (full 0):
 PSYoungGen      total 68608K, used 5115K [0x00000000eab00000, 0x00000000ef300000, 0x0000000100000000)
  eden space 63488K, 0% used [0x00000000eab00000,0x00000000eab00000,0x00000000ee900000)
  from space 5120K, 99% used [0x00000000eee00000,0x00000000ef2fee50,0x00000000ef300000)
  to   space 5120K, 0% used [0x00000000ee900000,0x00000000ee900000,0x00000000eee00000)
 ParOldGen       total 84992K, used 4679K [0x00000000c0000000, 0x00000000c5300000, 0x00000000eab00000)
  object space 84992K, 5% used [0x00000000c0000000,0x00000000c0491c38,0x00000000c5300000)
 Metaspace       used 5804K, capacity 6832K, committed 7040K, reserved 1056768K
  class space    used 593K, capacity 616K, committed 640K, reserved 1048576K
}
Event: 4,872 GC heap before
{Heap before GC invocations=3 (full 0):
 PSYoungGen      total 68608K, used 68603K [0x00000000eab00000, 0x00000000ef300000, 0x0000000100000000)
  eden space 63488K, 100% used [0x00000000eab00000,0x00000000ee900000,0x00000000ee900000)
  from space 5120K, 99% used [0x00000000eee00000,0x00000000ef2fee50,0x00000000ef300000)
  to   space 5120K, 0% used [0x00000000ee900000,0x00000000ee900000,0x00000000eee00000)
 ParOldGen       total 84992K, used 4679K [0x00000000c0000000, 0x00000000c5300000, 0x00000000eab00000)
  object space 84992K, 5% used [0x00000000c0000000,0x00000000c0491c38,0x00000000c5300000)
 Metaspace       used 5904K, capacity 6896K, committed 7040K, reserved 1056768K
  class space    used 594K, capacity 616K, committed 640K, reserved 1048576K
Event: 5,044 GC heap after
Heap after GC invocations=3 (full 0):
 PSYoungGen      total 68608K, used 5092K [0x00000000eab00000, 0x00000000f3100000, 0x0000000100000000)
  eden space 63488K, 0% used [0x00000000eab00000,0x00000000eab00000,0x00000000ee900000)
  from space 5120K, 99% used [0x00000000ee900000,0x00000000eedf91f8,0x00000000eee00000)
  to   space 5120K, 0% used [0x00000000f2c00000,0x00000000f2c00000,0x00000000f3100000)
 ParOldGen       total 84992K, used 14182K [0x00000000c0000000, 0x00000000c5300000, 0x00000000eab00000)
  object space 84992K, 16% used [0x00000000c0000000,0x00000000c0dd9a20,0x00000000c5300000)
 Metaspace       used 5904K, capacity 6896K, committed 7040K, reserved 1056768K
  class space    used 594K, capacity 616K, committed 640K, reserved 1048576K
}
Event: 6,062 GC heap before
{Heap before GC invocations=4 (full 0):
 PSYoungGen      total 68608K, used 68580K [0x00000000eab00000, 0x00000000f3100000, 0x0000000100000000)
  eden space 63488K, 100% used [0x00000000eab00000,0x00000000ee900000,0x00000000ee900000)
  from space 5120K, 99% used [0x00000000ee900000,0x00000000eedf91f8,0x00000000eee00000)
  to   space 5120K, 0% used [0x00000000f2c00000,0x00000000f2c00000,0x00000000f3100000)
 ParOldGen       total 84992K, used 14182K [0x00000000c0000000, 0x00000000c5300000, 0x00000000eab00000)
  object space 84992K, 16% used [0x00000000c0000000,0x00000000c0dd9a20,0x00000000c5300000)
 Metaspace       used 6022K, capacity 6936K, committed 7168K, reserved 1056768K
  class space    used 614K, capacity 656K, committed 768K, reserved 1048576K
Event: 6,269 GC heap after
Heap after GC invocations=4 (full 0):
 PSYoungGen      total 132096K, used 5094K [0x00000000eab00000, 0x00000000f3100000, 0x0000000100000000)
  eden space 126976K, 0% used [0x00000000eab00000,0x00000000eab00000,0x00000000f2700000)
  from space 5120K, 99% used [0x00000000f2c00000,0x00000000f30f9bf0,0x00000000f3100000)
  to   space 5120K, 0% used [0x00000000f2700000,0x00000000f2700000,0x00000000f2c00000)
 ParOldGen       total 84992K, used 23570K [0x00000000c0000000, 0x00000000c5300000, 0x00000000eab00000)
  object space 84992K, 27% used [0x00000000c0000000,0x00000000c1704b68,0x00000000c5300000)
 Metaspace       used 6022K, capacity 6936K, committed 7168K, reserved 1056768K
  class space    used 614K, capacity 656K, committed 768K, reserved 1048576K
}
Event: 8,288 GC heap before
{Heap before GC invocations=5 (full 0):
 PSYoungGen      total 132096K, used 132070K [0x00000000eab00000, 0x00000000f3100000, 0x0000000100000000)
  eden space 126976K, 100% used [0x00000000eab00000,0x00000000f2700000,0x00000000f2700000)
  from space 5120K, 99% used [0x00000000f2c00000,0x00000000f30f9bf0,0x00000000f3100000)
  to   space 5120K, 0% used [0x00000000f2700000,0x00000000f2700000,0x00000000f2c00000)
 ParOldGen       total 84992K, used 23570K [0x00000000c0000000, 0x00000000c5300000, 0x00000000eab00000)
  object space 84992K, 27% used [0x00000000c0000000,0x00000000c1704b68,0x00000000c5300000)
 Metaspace       used 6227K, capacity 7128K, committed 7424K, reserved 1056768K
  class space    used 614K, capacity 656K, committed 768K, reserved 1048576K

Deoptimization events (8 events):
Event: 0,736 Thread 0x00007fda3000a000 Uncommon trap: reason=unstable_if action=reinterpret pc=0x00007fda2113c308 method=java.lang.String.indexOf(II)I @ 49
Event: 1,253 Thread 0x00007fda3014f000 Uncommon trap: reason=unstable_if action=reinterpret pc=0x00007fda211f3ab4 method=java.util.HashMap.getNode(ILjava/lang/Object;)Ljava/util/HashMap$Node; @ 62
Event: 2,784 Thread 0x00007fda3014f000 Uncommon trap: reason=null_check action=make_not_entrant pc=0x00007fda212ab934 method=com.android.dx.ssa.SsaRenamer.getLocalForNewReg(I)Lcom/android/dx/rop/code/LocalItem; @ 19
Event: 2,874 Thread 0x00007fda3000a000 Uncommon trap: reason=unstable_if action=reinterpret pc=0x00007fda21225c80 method=java.lang.String.<init>([CII)V @ 18
Event: 3,973 Thread 0x00007fda3000a000 Uncommon trap: reason=unstable_if action=reinterpret pc=0x00007fda211cdbcc method=java.lang.String.<init>([CII)V @ 18
Event: 5,984 Thread 0x00007fda3000a000 Uncommon trap: reason=unstable_if action=reinterpret pc=0x00007fda21402e28 method=java.util.HashMap.putVal(ILjava/lang/Object;Ljava/lang/Object;ZZ)Ljava/lang/Object; @ 162
Event: 6,043 Thread 0x00007fda30152000 Uncommon trap: reason=unstable_if action=reinterpret pc=0x00007fda2122f5b4 method=java.util.HashMap.getNode(ILjava/lang/Object;)Ljava/util/HashMap$Node; @ 84
Event: 7,509 Thread 0x00007fda30153800 Uncommon trap: reason=unstable_if action=reinterpret pc=0x00007fda2154d2cc method=com.android.dx.dex.code.OutputFinisher.hasLocalInfo(Lcom/android/dx/dex/code/DalvInsn;)Z @ 24

Internal exceptions (6 events):
Event: 0,089 Thread 0x00007fda3000a000 Exception <a 'java/lang/NoSuchMethodError': Method sun.misc.Unsafe.defineClass(Ljava/lang/String;[BII)Ljava/lang/Class; name or signature does not match> (0x00000000eab07cc0) thrown at [/HUDSON/workspace/8-2-build-linux-amd64/jdk8u91/6644/hotspot/src/shar
Event: 0,089 Thread 0x00007fda3000a000 Exception <a 'java/lang/NoSuchMethodError': Method sun.misc.Unsafe.prefetchRead(Ljava/lang/Object;J)V name or signature does not match> (0x00000000eab07fa8) thrown at [/HUDSON/workspace/8-2-build-linux-amd64/jdk8u91/6644/hotspot/src/share/vm/prims/jni.cpp
Event: 2,784 Thread 0x00007fda3014f000 Implicit null exception at 0x00007fda212a918b to 0x00007fda212ab911
Event: 5,996 Thread 0x00007fda3000a000 Exception <a 'java/lang/ArrayIndexOutOfBoundsException': 18> (0x00000000ee3214b8) thrown at [/HUDSON/workspace/8-2-build-linux-amd64/jdk8u91/6644/hotspot/src/share/vm/interpreter/interpreterRuntime.cpp, line 366]
Event: 5,996 Thread 0x00007fda3000a000 Exception <a 'java/lang/ArrayIndexOutOfBoundsException': 145> (0x00000000ee323038) thrown at [/HUDSON/workspace/8-2-build-linux-amd64/jdk8u91/6644/hotspot/src/share/vm/interpreter/interpreterRuntime.cpp, line 366]
Event: 5,999 Thread 0x00007fda3000a000 Exception <a 'java/lang/ArrayIndexOutOfBoundsException': 40> (0x00000000ee324320) thrown at [/HUDSON/workspace/8-2-build-linux-amd64/jdk8u91/6644/hotspot/src/share/vm/interpreter/interpreterRuntime.cpp, line 366]

Events (10 events):
Event: 7,509 Thread 0x00007fda30153800 Uncommon trap: trap_request=0xffffff65 fr.pc=0x00007fda2154d2cc
Event: 7,509 Thread 0x00007fda30153800 DEOPT PACKING pc=0x00007fda2154d2cc sp=0x00007fda1d66a080
Event: 7,509 Thread 0x00007fda30153800 DEOPT UNPACKING pc=0x00007fda21005229 sp=0x00007fda1d669fb8 mode 2
Event: 7,679 Thread 0x00007fda3014b000 DEOPT PACKING pc=0x00007fda214bba45 sp=0x00007fda1da6dd90
Event: 7,679 Thread 0x00007fda3014b000 DEOPT UNPACKING pc=0x00007fda21047233 sp=0x00007fda1da6dae0 mode 0
Event: 8,050 Thread 0x00007fda30153800 DEOPT PACKING pc=0x00007fda214d0649 sp=0x00007fda1d66a010
Event: 8,050 Thread 0x00007fda30153800 DEOPT UNPACKING pc=0x00007fda21047233 sp=0x00007fda1d669df0 mode 0
Event: 8,109 Thread 0x00007fda3014b000 DEOPT PACKING pc=0x00007fda214ceb77 sp=0x00007fda1da6dda0
Event: 8,109 Thread 0x00007fda3014b000 DEOPT UNPACKING pc=0x00007fda21047233 sp=0x00007fda1da6db38 mode 0
Event: 8,288 Executing VM operation: ParallelGCFailedAllocation


Dynamic libraries:
00400000-00401000 r-xp 00000000 08:01 6299487                            /usr/lib/jvm/java-8-oracle/bin/java
00600000-00601000 rw-p 00000000 08:01 6299487                            /usr/lib/jvm/java-8-oracle/bin/java
006ad000-006ce000 rw-p 00000000 00:00 0                                  [heap]
c0000000-c5300000 rw-p 00000000 00:00 0 
c5300000-eab00000 ---p 00000000 00:00 0 
eab00000-f3100000 rw-p 00000000 00:00 0 
fd300000-100000000 ---p 00000000 00:00 0 
100000000-1000c0000 rw-p 00000000 00:00 0 
1000c0000-140000000 ---p 00000000 00:00 0 
7fd9e0000000-7fd9e0021000 rw-p 00000000 00:00 0 
7fd9e0021000-7fd9e4000000 ---p 00000000 00:00 0 
7fd9e8000000-7fd9e8021000 rw-p 00000000 00:00 0 
7fd9e8021000-7fd9ec000000 ---p 00000000 00:00 0 
7fd9ec000000-7fd9ec021000 rw-p 00000000 00:00 0 
7fd9ec021000-7fd9f0000000 ---p 00000000 00:00 0 
7fd9f0000000-7fd9f0021000 rw-p 00000000 00:00 0 
7fd9f0021000-7fd9f4000000 ---p 00000000 00:00 0 
7fd9f4000000-7fd9f4030000 rw-p 00000000 00:00 0 
7fd9f4030000-7fd9f8000000 ---p 00000000 00:00 0 
7fd9f8000000-7fd9f866c000 rw-p 00000000 00:00 0 
7fd9f866c000-7fd9fc000000 ---p 00000000 00:00 0 
7fd9fc000000-7fd9fc021000 rw-p 00000000 00:00 0 
7fd9fc021000-7fda00000000 ---p 00000000 00:00 0 
7fda00000000-7fda00021000 rw-p 00000000 00:00 0 
7fda00021000-7fda04000000 ---p 00000000 00:00 0 
7fda04000000-7fda0456c000 rw-p 00000000 00:00 0 
7fda0456c000-7fda08000000 ---p 00000000 00:00 0 
7fda08000000-7fda08021000 rw-p 00000000 00:00 0 
7fda08021000-7fda0c000000 ---p 00000000 00:00 0 
7fda0c000000-7fda0c021000 rw-p 00000000 00:00 0 
7fda0c021000-7fda10000000 ---p 00000000 00:00 0 
7fda10000000-7fda10021000 rw-p 00000000 00:00 0 
7fda10021000-7fda14000000 ---p 00000000 00:00 0 
7fda14000000-7fda1428f000 rw-p 00000000 00:00 0 
7fda1428f000-7fda18000000 ---p 00000000 00:00 0 
7fda18000000-7fda18021000 rw-p 00000000 00:00 0 
7fda18021000-7fda1c000000 ---p 00000000 00:00 0 
7fda1d53b000-7fda1d56b000 r--p 00000000 08:01 6951706                    /usr/share/locale-langpack/uk/LC_MESSAGES/libc.mo
7fda1d56b000-7fda1d56e000 ---p 00000000 00:00 0 
7fda1d56e000-7fda1d66c000 rw-p 00000000 00:00 0 
7fda1d66c000-7fda1d66f000 ---p 00000000 00:00 0 
7fda1d66f000-7fda1d76d000 rw-p 00000000 00:00 0 
7fda1d76d000-7fda1d770000 ---p 00000000 00:00 0 
7fda1d770000-7fda1d86e000 rw-p 00000000 00:00 0 
7fda1d86e000-7fda1d871000 ---p 00000000 00:00 0 
7fda1d871000-7fda1d96f000 rw-p 00000000 00:00 0 
7fda1d96f000-7fda1d972000 ---p 00000000 00:00 0 
7fda1d972000-7fda1da70000 rw-p 00000000 00:00 0 
7fda1da70000-7fda1da7a000 r--s 00097000 08:01 4850459                    /home/nikolay/AndroidStudioProjects/SMS_1.0/app/build/intermediates/exploded-aar/com.android.support/appcompat-v7/24.0.0/jars/classes.jar
7fda1da7a000-7fda1da7b000 ---p 00000000 00:00 0 
7fda1da7b000-7fda1db7b000 rw-p 00000000 00:00 0 
7fda1db7b000-7fda1db7e000 ---p 00000000 00:00 0 
7fda1db7e000-7fda1dc7c000 rw-p 00000000 00:00 0 
7fda1dc7c000-7fda1dc7f000 ---p 00000000 00:00 0 
7fda1dc7f000-7fda1dd7d000 rw-p 00000000 00:00 0 
7fda1dd7d000-7fda1dd80000 ---p 00000000 00:00 0 
7fda1dd80000-7fda1de7e000 rw-p 00000000 00:00 0 
7fda1de7e000-7fda1de81000 ---p 00000000 00:00 0 
7fda1de81000-7fda1df7f000 rw-p 00000000 00:00 0 
7fda1df7f000-7fda1e3b2000 r--p 00000000 08:01 6167481                    /usr/lib/locale/locale-archive
7fda1e3b2000-7fda1e3b5000 ---p 00000000 00:00 0 
7fda1e3b5000-7fda1e4b3000 rw-p 00000000 00:00 0 
7fda1e4b3000-7fda1e4b6000 ---p 00000000 00:00 0 
7fda1e4b6000-7fda1e5b4000 rw-p 00000000 00:00 0 
7fda1e5b4000-7fda1e5b5000 ---p 00000000 00:00 0 
7fda1e5b5000-7fda21000000 rw-p 00000000 00:00 0 
7fda21000000-7fda21670000 rwxp 00000000 00:00 0 
7fda21670000-7fda30000000 ---p 00000000 00:00 0 
7fda30000000-7fda303a5000 rw-p 00000000 00:00 0 
7fda303a5000-7fda34000000 ---p 00000000 00:00 0 
7fda34005000-7fda34013000 r--s 000e0000 08:01 4587761                    /home/nikolay/Android/Sdk/build-tools/24.0.0/lib/dx.jar
7fda34013000-7fda34034000 rw-p 00000000 00:00 0 
7fda34034000-7fda3420d000 r--s 03d1f000 08:01 6172399                    /usr/lib/jvm/java-8-oracle/jre/lib/rt.jar
7fda3420d000-7fda34903000 rw-p 00000000 00:00 0 
7fda34903000-7fda34a83000 ---p 00000000 00:00 0 
7fda34a83000-7fda34c83000 rw-p 00000000 00:00 0 
7fda34c83000-7fda34c84000 ---p 00000000 00:00 0 
7fda34c84000-7fda34d84000 rw-p 00000000 00:00 0 
7fda34d84000-7fda34d85000 ---p 00000000 00:00 0 
7fda34d85000-7fda34eaf000 rw-p 00000000 00:00 0 
7fda34eaf000-7fda34fdb000 ---p 00000000 00:00 0 
7fda34fdb000-7fda35005000 rw-p 00000000 00:00 0 
7fda35005000-7fda35130000 ---p 00000000 00:00 0 
7fda35130000-7fda35174000 rw-p 00000000 00:00 0 
7fda35174000-7fda351db000 ---p 00000000 00:00 0 
7fda351db000-7fda351f6000 rw-p 00000000 00:00 0 
7fda351f6000-7fda3559c000 ---p 00000000 00:00 0 
7fda3559c000-7fda355b6000 r-xp 00000000 08:01 6172487                    /usr/lib/jvm/java-8-oracle/jre/lib/amd64/libzip.so
7fda355b6000-7fda357b6000 ---p 0001a000 08:01 6172487                    /usr/lib/jvm/java-8-oracle/jre/lib/amd64/libzip.so
7fda357b6000-7fda357b7000 rw-p 0001a000 08:01 6172487                    /usr/lib/jvm/java-8-oracle/jre/lib/amd64/libzip.so
7fda357b7000-7fda357c1000 r-xp 00000000 08:01 5509682                    /lib/x86_64-linux-gnu/libnss_files-2.19.so
7fda357c1000-7fda359c0000 ---p 0000a000 08:01 5509682                    /lib/x86_64-linux-gnu/libnss_files-2.19.so
7fda359c0000-7fda359c1000 r--p 00009000 08:01 5509682                    /lib/x86_64-linux-gnu/libnss_files-2.19.so
7fda359c1000-7fda359c2000 rw-p 0000a000 08:01 5509682                    /lib/x86_64-linux-gnu/libnss_files-2.19.so
7fda359c2000-7fda359cd000 r-xp 00000000 08:01 5509674                    /lib/x86_64-linux-gnu/libnss_nis-2.19.so
7fda359cd000-7fda35bcc000 ---p 0000b000 08:01 5509674                    /lib/x86_64-linux-gnu/libnss_nis-2.19.so
7fda35bcc000-7fda35bcd000 r--p 0000a000 08:01 5509674                    /lib/x86_64-linux-gnu/libnss_nis-2.19.so
7fda35bcd000-7fda35bce000 rw-p 0000b000 08:01 5509674                    /lib/x86_64-linux-gnu/libnss_nis-2.19.so
7fda35bce000-7fda35be5000 r-xp 00000000 08:01 5509670                    /lib/x86_64-linux-gnu/libnsl-2.19.so
7fda35be5000-7fda35de4000 ---p 00017000 08:01 5509670                    /lib/x86_64-linux-gnu/libnsl-2.19.so
7fda35de4000-7fda35de5000 r--p 00016000 08:01 5509670                    /lib/x86_64-linux-gnu/libnsl-2.19.so
7fda35de5000-7fda35de6000 rw-p 00017000 08:01 5509670                    /lib/x86_64-linux-gnu/libnsl-2.19.so
7fda35de6000-7fda35de8000 rw-p 00000000 00:00 0 
7fda35de8000-7fda35df1000 r-xp 00000000 08:01 5509669                    /lib/x86_64-linux-gnu/libnss_compat-2.19.so
7fda35df1000-7fda35ff0000 ---p 00009000 08:01 5509669                    /lib/x86_64-linux-gnu/libnss_compat-2.19.so
7fda35ff0000-7fda35ff1000 r--p 00008000 08:01 5509669                    /lib/x86_64-linux-gnu/libnss_compat-2.19.so
7fda35ff1000-7fda35ff2000 rw-p 00009000 08:01 5509669                    /lib/x86_64-linux-gnu/libnss_compat-2.19.so
7fda35ff2000-7fda3601c000 r-xp 00000000 08:01 6172505                    /usr/lib/jvm/java-8-oracle/jre/lib/amd64/libjava.so
7fda3601c000-7fda3621c000 ---p 0002a000 08:01 6172505                    /usr/lib/jvm/java-8-oracle/jre/lib/amd64/libjava.so
7fda3621c000-7fda3621e000 rw-p 0002a000 08:01 6172505                    /usr/lib/jvm/java-8-oracle/jre/lib/amd64/libjava.so
7fda3621e000-7fda3622b000 r-xp 00000000 08:01 6172535                    /usr/lib/jvm/java-8-oracle/jre/lib/amd64/libverify.so
7fda3622b000-7fda3642b000 ---p 0000d000 08:01 6172535                    /usr/lib/jvm/java-8-oracle/jre/lib/amd64/libverify.so
7fda3642b000-7fda3642d000 rw-p 0000d000 08:01 6172535                    /usr/lib/jvm/java-8-oracle/jre/lib/amd64/libverify.so
7fda3642d000-7fda36434000 r-xp 00000000 08:01 5509678                    /lib/x86_64-linux-gnu/librt-2.19.so
7fda36434000-7fda36633000 ---p 00007000 08:01 5509678                    /lib/x86_64-linux-gnu/librt-2.19.so
7fda36633000-7fda36634000 r--p 00006000 08:01 5509678                    /lib/x86_64-linux-gnu/librt-2.19.so
7fda36634000-7fda36635000 rw-p 00007000 08:01 5509678                    /lib/x86_64-linux-gnu/librt-2.19.so
7fda36635000-7fda3673a000 r-xp 00000000 08:01 5509664                    /lib/x86_64-linux-gnu/libm-2.19.so
7fda3673a000-7fda36939000 ---p 00105000 08:01 5509664                    /lib/x86_64-linux-gnu/libm-2.19.so
7fda36939000-7fda3693a000 r--p 00104000 08:01 5509664                    /lib/x86_64-linux-gnu/libm-2.19.so
7fda3693a000-7fda3693b000 rw-p 00105000 08:01 5509664                    /lib/x86_64-linux-gnu/libm-2.19.so
7fda3693b000-7fda375fb000 r-xp 00000000 08:01 6172542                    /usr/lib/jvm/java-8-oracle/jre/lib/amd64/server/libjvm.so
7fda375fb000-7fda377fb000 ---p 00cc0000 08:01 6172542                    /usr/lib/jvm/java-8-oracle/jre/lib/amd64/server/libjvm.so
7fda377fb000-7fda378d3000 rw-p 00cc0000 08:01 6172542                    /usr/lib/jvm/java-8-oracle/jre/lib/amd64/server/libjvm.so
7fda378d3000-7fda3791e000 rw-p 00000000 00:00 0 
7fda3791e000-7fda37ad8000 r-xp 00000000 08:01 5509679                    /lib/x86_64-linux-gnu/libc-2.19.so
7fda37ad8000-7fda37cd8000 ---p 001ba000 08:01 5509679                    /lib/x86_64-linux-gnu/libc-2.19.so
7fda37cd8000-7fda37cdc000 r--p 001ba000 08:01 5509679                    /lib/x86_64-linux-gnu/libc-2.19.so
7fda37cdc000-7fda37cde000 rw-p 001be000 08:01 5509679                    /lib/x86_64-linux-gnu/libc-2.19.so
7fda37cde000-7fda37ce3000 rw-p 00000000 00:00 0 
7fda37ce3000-7fda37ce6000 r-xp 00000000 08:01 5509666                    /lib/x86_64-linux-gnu/libdl-2.19.so
7fda37ce6000-7fda37ee5000 ---p 00003000 08:01 5509666                    /lib/x86_64-linux-gnu/libdl-2.19.so
7fda37ee5000-7fda37ee6000 r--p 00002000 08:01 5509666                    /lib/x86_64-linux-gnu/libdl-2.19.so
7fda37ee6000-7fda37ee7000 rw-p 00003000 08:01 5509666                    /lib/x86_64-linux-gnu/libdl-2.19.so
7fda37ee7000-7fda37efc000 r-xp 00000000 08:01 6299428                    /usr/lib/jvm/java-8-oracle/lib/amd64/jli/libjli.so
7fda37efc000-7fda380fc000 ---p 00015000 08:01 6299428                    /usr/lib/jvm/java-8-oracle/lib/amd64/jli/libjli.so
7fda380fc000-7fda380fd000 rw-p 00015000 08:01 6299428                    /usr/lib/jvm/java-8-oracle/lib/amd64/jli/libjli.so
7fda380fd000-7fda38116000 r-xp 00000000 08:01 5509671                    /lib/x86_64-linux-gnu/libpthread-2.19.so
7fda38116000-7fda38315000 ---p 00019000 08:01 5509671                    /lib/x86_64-linux-gnu/libpthread-2.19.so
7fda38315000-7fda38316000 r--p 00018000 08:01 5509671                    /lib/x86_64-linux-gnu/libpthread-2.19.so
7fda38316000-7fda38317000 rw-p 00019000 08:01 5509671                    /lib/x86_64-linux-gnu/libpthread-2.19.so
7fda38317000-7fda3831b000 rw-p 00000000 00:00 0 
7fda3831b000-7fda3833e000 r-xp 00000000 08:01 5509672                    /lib/x86_64-linux-gnu/ld-2.19.so
7fda3833e000-7fda38345000 r--s 00000000 08:01 6562716                    /usr/lib/x86_64-linux-gnu/gconv/gconv-modules.cache
7fda38345000-7fda38417000 rw-p 00000000 00:00 0 
7fda38417000-7fda3841a000 ---p 00000000 00:00 0 
7fda3841a000-7fda38531000 rw-p 00000000 00:00 0 
7fda38531000-7fda38539000 rw-s 00000000 08:01 5244697                    /tmp/hsperfdata_nikolay/18876
7fda38539000-7fda3853a000 rw-p 00000000 00:00 0 
7fda3853a000-7fda3853b000 ---p 00000000 00:00 0 
7fda3853b000-7fda3853d000 rw-p 00000000 00:00 0 
7fda3853d000-7fda3853e000 r--p 00022000 08:01 5509672                    /lib/x86_64-linux-gnu/ld-2.19.so
7fda3853e000-7fda3853f000 rw-p 00023000 08:01 5509672                    /lib/x86_64-linux-gnu/ld-2.19.so
7fda3853f000-7fda38540000 rw-p 00000000 00:00 0 
7ffcba186000-7ffcba1a7000 rw-p 00000000 00:00 0                          [stack]
7ffcba1ab000-7ffcba1ad000 r--p 00000000 00:00 0                          [vvar]
7ffcba1ad000-7ffcba1af000 r-xp 00000000 00:00 0                          [vdso]
ffffffffff600000-ffffffffff601000 r-xp 00000000 00:00 0                  [vsyscall]

VM Arguments:
jvm_args: -Djava.awt.headless=true -Xmx1024M -Dfile.encoding=UTF-8 -Duser.country=UA -Duser.language=uk -Duser.variant 
java_command: com.android.dx.command.Main --dex --force-jumbo --num-threads=4 --multi-dex --output /home/nikolay/AndroidStudioProjects/SMS_1.0/app/build/intermediates/transforms/dex/debug/folders/1000/10/com.android.support-appcompat-v7-24.0.0_f6c118cc629454e84e5d079d2853f37f408de23d /home/nikolay/AndroidStudioProjects/SMS_1.0/app/build/intermediates/exploded-aar/com.android.support/appcompat-v7/24.0.0/jars/classes.jar
java_class_path (initial): /home/nikolay/Android/Sdk/build-tools/24.0.0/lib/dx.jar
Launcher Type: SUN_STANDARD

Environment Variables:
PATH=/usr/local/sbin:/usr/local/bin:/usr/sbin:/usr/bin:/sbin:/bin:/usr/games:/usr/local/games
USERNAME=nikolay
LD_LIBRARY_PATH=/opt/android-studio/bin:
SHELL=/bin/bash
DISPLAY=:0

Signal Handlers:
SIGSEGV: [libjvm.so+0xabca10], sa_mask[0]=11111111011111111101111111111110, sa_flags=SA_RESTART|SA_SIGINFO
SIGBUS: [libjvm.so+0xabca10], sa_mask[0]=11111111011111111101111111111110, sa_flags=SA_RESTART|SA_SIGINFO
SIGFPE: [libjvm.so+0x919a20], sa_mask[0]=11111111011111111101111111111110, sa_flags=SA_RESTART|SA_SIGINFO
SIGPIPE: [libjvm.so+0x919a20], sa_mask[0]=11111111011111111101111111111110, sa_flags=SA_RESTART|SA_SIGINFO
SIGXFSZ: [libjvm.so+0x919a20], sa_mask[0]=11111111011111111101111111111110, sa_flags=SA_RESTART|SA_SIGINFO
SIGILL: [libjvm.so+0x919a20], sa_mask[0]=11111111011111111101111111111110, sa_flags=SA_RESTART|SA_SIGINFO
SIGUSR1: SIG_DFL, sa_mask[0]=00000000000000000000000000000000, sa_flags=none
SIGUSR2: [libjvm.so+0x91b050], sa_mask[0]=00100000000000000000000000000000, sa_flags=SA_RESTART|SA_SIGINFO
SIGHUP: [libjvm.so+0x91c450], sa_mask[0]=11111111011111111101111111111110, sa_flags=SA_RESTART|SA_SIGINFO
SIGINT: [libjvm.so+0x91c450], sa_mask[0]=11111111011111111101111111111110, sa_flags=SA_RESTART|SA_SIGINFO
SIGTERM: [libjvm.so+0x91c450], sa_mask[0]=11111111011111111101111111111110, sa_flags=SA_RESTART|SA_SIGINFO
SIGQUIT: [libjvm.so+0x91c450], sa_mask[0]=11111111011111111101111111111110, sa_flags=SA_RESTART|SA_SIGINFO


---------------  S Y S T E M  ---------------

OS:DISTRIB_ID=LinuxMint
DISTRIB_RELEASE=17.3
DISTRIB_CODENAME=rosa
DISTRIB_DESCRIPTION="Linux Mint 17.3 Rosa"

uname:Linux 4.4.0-28-generic #47~14.04.1-Ubuntu SMP Fri Jun 24 16:30:35 UTC 2016 x86_64
libc:glibc 2.19 NPTL 2.19 
rlimit: STACK 8192k, CORE 0k, NPROC 31252, NOFILE 4096, AS infinity
load average:6,74 2,19 1,60

/proc/meminfo:
MemTotal:        8041008 kB
MemFree:          172440 kB
MemAvailable:      76052 kB
Buffers:            1840 kB
Cached:          1407772 kB
SwapCached:            0 kB
Active:          6327784 kB
Inactive:        1321120 kB
Active(anon):    6315924 kB
Inactive(anon):  1293420 kB
Active(file):      11860 kB
Inactive(file):    27700 kB
Unevictable:          32 kB
Mlocked:              32 kB
SwapTotal:             0 kB
SwapFree:              0 kB
Dirty:                 8 kB
Writeback:             0 kB
AnonPages:       6239700 kB
Mapped:           498876 kB
Shmem:           1369732 kB
Slab:              79840 kB
SReclaimable:      41628 kB
SUnreclaim:        38212 kB
KernelStack:       11296 kB
PageTables:        48144 kB
NFS_Unstable:          0 kB
Bounce:                0 kB
WritebackTmp:          0 kB
CommitLimit:     4020504 kB
Committed_AS:   12276332 kB
VmallocTotal:   34359738367 kB
VmallocUsed:           0 kB
VmallocChunk:          0 kB
HardwareCorrupted:     0 kB
AnonHugePages:   4147200 kB
CmaTotal:              0 kB
CmaFree:               0 kB
HugePages_Total:       0
HugePages_Free:        0
HugePages_Rsvd:        0
HugePages_Surp:        0
Hugepagesize:       2048 kB
DirectMap4k:      167160 kB
DirectMap2M:     8087552 kB


CPU:total 2 (2 cores per cpu, 1 threads per core) family 6 model 58 stepping 9, cmov, cx8, fxsr, mmx, sse, sse2, sse3, ssse3, sse4.1, sse4.2, popcnt, clmul, erms, tsc, tscinvbit, tscinv

/proc/cpuinfo:
processor	: 0
vendor_id	: GenuineIntel
cpu family	: 6
model		: 58
model name	: Intel(R) Pentium(R) CPU 2020M @ 2.40GHz
stepping	: 9
microcode	: 0x15
cpu MHz		: 2399.906
cache size	: 2048 KB
physical id	: 0
siblings	: 2
core id		: 0
cpu cores	: 2
apicid		: 0
initial apicid	: 0
fpu		: yes
fpu_exception	: yes
cpuid level	: 13
wp		: yes
flags		: fpu vme de pse tsc msr pae mce cx8 apic sep mtrr pge mca cmov pat pse36 clflush dts acpi mmx fxsr sse sse2 ss ht tm pbe syscall nx rdtscp lm constant_tsc arch_perfmon pebs bts rep_good nopl xtopology nonstop_tsc aperfmperf eagerfpu pni pclmulqdq dtes64 monitor ds_cpl vmx est tm2 ssse3 cx16 xtpr pdcm pcid sse4_1 sse4_2 x2apic popcnt tsc_deadline_timer xsave lahf_lm epb tpr_shadow vnmi flexpriority ept vpid fsgsbase smep erms xsaveopt dtherm arat pln pts
bugs		:
bogomips	: 4788.66
clflush size	: 64
cache_alignment	: 64
address sizes	: 36 bits physical, 48 bits virtual
power management:

processor	: 1
vendor_id	: GenuineIntel
cpu family	: 6
model		: 58
model name	: Intel(R) Pentium(R) CPU 2020M @ 2.40GHz
stepping	: 9
microcode	: 0x15
cpu MHz		: 2399.906
cache size	: 2048 KB
physical id	: 0
siblings	: 2
core id		: 1
cpu cores	: 2
apicid		: 2
initial apicid	: 2
fpu		: yes
fpu_exception	: yes
cpuid level	: 13
wp		: yes
flags		: fpu vme de pse tsc msr pae mce cx8 apic sep mtrr pge mca cmov pat pse36 clflush dts acpi mmx fxsr sse sse2 ss ht tm pbe syscall nx rdtscp lm constant_tsc arch_perfmon pebs bts rep_good nopl xtopology nonstop_tsc aperfmperf eagerfpu pni pclmulqdq dtes64 monitor ds_cpl vmx est tm2 ssse3 cx16 xtpr pdcm pcid sse4_1 sse4_2 x2apic popcnt tsc_deadline_timer xsave lahf_lm epb tpr_shadow vnmi flexpriority ept vpid fsgsbase smep erms xsaveopt dtherm arat pln pts
bugs		:
bogomips	: 4788.66
clflush size	: 64
cache_alignment	: 64
address sizes	: 36 bits physical, 48 bits virtual
power management:



Memory: 4k page, physical 8041008k(172440k free), swap 0k(0k free)

vm_info: Java HotSpot(TM) 64-Bit Server VM (25.91-b14) for linux-amd64 JRE (1.8.0_91-b14), built on Apr  1 2016 00:57:21 by "java_re" with gcc 4.3.0 20080428 (Red Hat 4.3.0-8)

time: Tue Jul  5 14:09:07 2016
elapsed time: 19 seconds (0d 0h 0m 19s)

